# JRE version: OpenJDK Runtime Environment 18.9 (11.0.15+10) (build 11.0.15+10)
# Java VM: OpenJDK 64-Bit Server VM 18.9 (11.0.15+10, mixed mode, tiered, compressed oops, g1 gc, windows-amd64)
Heap:
 garbage-first heap   total 379904K, used 340164K [0x0000000080000000, 0x0000000100000000)
  region size 1024K, 13 young (13312K), 2 survivors (2048K)
 Metaspace       used 127148K, capacity 136108K, committed 136456K, reserved 632832K
  class space    used 16742K, capacity 20119K, committed 20224K, reserved 516096K
GC Heap History (20 events):
Event: 255.947 GC heap before
{Heap before GC invocations=117 (full 0):
 garbage-first heap   total 379904K, used 324335K [0x0000000080000000, 0x0000000100000000)
  region size 1024K, 19 young (19456K), 3 survivors (3072K)
 Metaspace       used 123858K, capacity 132774K, committed 132872K, reserved 630784K
  class space    used 16301K, capacity 19632K, committed 19712K, reserved 516096K
}
Event: 255.958 GC heap after
{Heap after GC invocations=118 (full 0):
 garbage-first heap   total 379904K, used 312104K [0x0000000080000000, 0x0000000100000000)
  region size 1024K, 3 young (3072K), 3 survivors (3072K)
 Metaspace       used 123858K, capacity 132774K, committed 132872K, reserved 630784K
  class space    used 16301K, capacity 19632K, committed 19712K, reserved 516096K
}
Event: 256.393 GC heap before
{Heap before GC invocations=118 (full 0):
 garbage-first heap   total 379904K, used 327464K [0x0000000080000000, 0x0000000100000000)
  region size 1024K, 18 young (18432K), 3 survivors (3072K)
 Metaspace       used 125383K, capacity 134319K, committed 134408K, reserved 630784K
  class space    used 16562K, capacity 19890K, committed 19968K, reserved 516096K
}
Event: 256.401 GC heap after
{Heap after GC invocations=119 (full 0):
 garbage-first heap   total 379904K, used 313116K [0x0000000080000000, 0x0000000100000000)
  region size 1024K, 1 young (1024K), 1 survivors (1024K)
 Metaspace       used 125383K, capacity 134319K, committed 134408K, reserved 630784K
  class space    used 16562K, capacity 19890K, committed 19968K, reserved 516096K
}
Event: 257.207 GC heap before
{Heap before GC invocations=119 (full 0):
 garbage-first heap   total 379904K, used 330524K [0x0000000080000000, 0x0000000100000000)
  region size 1024K, 18 young (18432K), 1 survivors (1024K)
 Metaspace       used 126709K, capacity 135706K, committed 135944K, reserved 632832K
  class space    used 16725K, capacity 20105K, committed 20224K, reserved 516096K
}
Event: 257.216 GC heap after
{Heap after GC invocations=120 (full 0):
 garbage-first heap   total 379904K, used 314234K [0x0000000080000000, 0x0000000100000000)
  region size 1024K, 2 young (2048K), 2 survivors (2048K)
 Metaspace       used 126709K, capacity 135706K, committed 135944K, reserved 632832K
  class space    used 16725K, capacity 20105K, committed 20224K, reserved 516096K
}
Event: 258.054 GC heap before
{Heap before GC invocations=120 (full 0):
 garbage-first heap   total 379904K, used 330618K [0x0000000080000000, 0x0000000100000000)
  region size 1024K, 18 young (18432K), 2 survivors (2048K)
 Metaspace       used 126873K, capacity 135916K, committed 136200K, reserved 632832K
  class space    used 16735K, capacity 20108K, committed 20224K, reserved 516096K
}
Event: 258.063 GC heap after
{Heap after GC invocations=121 (full 0):
 garbage-first heap   total 379904K, used 316779K [0x0000000080000000, 0x0000000100000000)
  region size 1024K, 3 young (3072K), 3 survivors (3072K)
 Metaspace       used 126873K, capacity 135916K, committed 136200K, reserved 632832K
  class space    used 16735K, capacity 20108K, committed 20224K, reserved 516096K
}
Event: 258.358 GC heap before
{Heap before GC invocations=121 (full 0):
 garbage-first heap   total 379904K, used 332139K [0x0000000080000000, 0x0000000100000000)
  region size 1024K, 18 young (18432K), 3 survivors (3072K)
 Metaspace       used 126941K, capacity 136010K, committed 136200K, reserved 632832K
  class space    used 16737K, capacity 20112K, committed 20224K, reserved 516096K
}
Event: 258.369 GC heap after
{Heap after GC invocations=122 (full 0):
 garbage-first heap   total 379904K, used 319385K [0x0000000080000000, 0x0000000100000000)
  region size 1024K, 3 young (3072K), 3 survivors (3072K)
 Metaspace       used 126941K, capacity 136010K, committed 136200K, reserved 632832K
  class space    used 16737K, capacity 20112K, committed 20224K, reserved 516096K
}
Event: 258.828 GC heap before
{Heap before GC invocations=122 (full 0):
 garbage-first heap   total 379904K, used 334745K [0x0000000080000000, 0x0000000100000000)
  region size 1024K, 18 young (18432K), 3 survivors (3072K)
 Metaspace       used 126982K, capacity 136012K, committed 136200K, reserved 632832K
  class space    used 16737K, capacity 20112K, committed 20224K, reserved 516096K
}
Event: 258.835 GC heap after
{Heap after GC invocations=123 (full 0):
 garbage-first heap   total 379904K, used 321624K [0x0000000080000000, 0x0000000100000000)
  region size 1024K, 3 young (3072K), 3 survivors (3072K)
 Metaspace       used 126982K, capacity 136012K, committed 136200K, reserved 632832K
  class space    used 16737K, capacity 20112K, committed 20224K, reserved 516096K
}
Event: 259.186 GC heap before
{Heap before GC invocations=123 (full 0):
 garbage-first heap   total 379904K, used 336984K [0x0000000080000000, 0x0000000100000000)
  region size 1024K, 18 young (18432K), 3 survivors (3072K)
 Metaspace       used 126996K, capacity 136012K, committed 136200K, reserved 632832K
  class space    used 16737K, capacity 20112K, committed 20224K, reserved 516096K
}
Event: 259.192 GC heap after
{Heap after GC invocations=124 (full 0):
 garbage-first heap   total 379904K, used 323482K [0x0000000080000000, 0x0000000100000000)
  region size 1024K, 2 young (2048K), 2 survivors (2048K)
 Metaspace       used 126996K, capacity 136012K, committed 136200K, reserved 632832K
  class space    used 16737K, capacity 20112K, committed 20224K, reserved 516096K
}
Event: 259.503 GC heap before
{Heap before GC invocations=124 (full 0):
 garbage-first heap   total 379904K, used 339866K [0x0000000080000000, 0x0000000100000000)
  region size 1024K, 18 young (18432K), 2 survivors (2048K)
 Metaspace       used 127082K, capacity 136107K, committed 136456K, reserved 632832K
  class space    used 16741K, capacity 20119K, committed 20224K, reserved 516096K
}
Event: 259.514 GC heap after
{Heap after GC invocations=125 (full 0):
 garbage-first heap   total 379904K, used 325628K [0x0000000080000000, 0x0000000100000000)
  region size 1024K, 2 young (2048K), 2 survivors (2048K)
 Metaspace       used 127082K, capacity 136107K, committed 136456K, reserved 632832K
  class space    used 16741K, capacity 20119K, committed 20224K, reserved 516096K
}
Event: 259.749 GC heap before
{Heap before GC invocations=125 (full 0):
 garbage-first heap   total 379904K, used 342012K [0x0000000080000000, 0x0000000100000000)
  region size 1024K, 18 young (18432K), 2 survivors (2048K)
 Metaspace       used 127100K, capacity 136107K, committed 136456K, reserved 632832K
  class space    used 16741K, capacity 20119K, committed 20224K, reserved 516096K
}
Event: 259.757 GC heap after
{Heap after GC invocations=126 (full 0):
 garbage-first heap   total 379904K, used 328080K [0x0000000080000000, 0x0000000100000000)
  region size 1024K, 3 young (3072K), 3 survivors (3072K)
 Metaspace       used 127100K, capacity 136107K, committed 136456K, reserved 632832K
  class space    used 16741K, capacity 20119K, committed 20224K, reserved 516096K
}
Event: 260.470 GC heap before
{Heap before GC invocations=126 (full 0):
 garbage-first heap   total 379904K, used 343440K [0x0000000080000000, 0x0000000100000000)
  region size 1024K, 18 young (18432K), 3 survivors (3072K)
 Metaspace       used 127131K, capacity 136108K, committed 136456K, reserved 632832K
  class space    used 16742K, capacity 20119K, committed 20224K, reserved 516096K
}
Event: 260.480 GC heap after
{Heap after GC invocations=127 (full 0):
 garbage-first heap   total 379904K, used 329924K [0x0000000080000000, 0x0000000100000000)
  region size 1024K, 2 young (2048K), 2 survivors (2048K)
 Metaspace       used 127131K, capacity 136108K, committed 136456K, reserved 632832K
  class space    used 16742K, capacity 20119K, committed 20224K, reserved 516096K
}

